<?xml version="1.0" encoding="UTF-8"?>
<testsuite xmlns:xsi="http://www.w3.org/2001/XMLSchema-instance" xsi:noNamespaceSchemaLocation="https://maven.apache.org/surefire/maven-surefire-plugin/xsd/surefire-test-report.xsd" name="org.example.model.InvoiceTest" time="0.045" tests="8" errors="0" skipped="0" failures="0">
  <properties>
    <property name="java.specification.version" value="15"/>
    <property name="sun.jnu.encoding" value="UTF-8"/>
    <property name="java.class.path" value="/Users/barbara.simak/Documents/MyInvoice/target/test-classes:/Users/barbara.simak/Documents/MyInvoice/target/classes:/Users/barbara.simak/.m2/repository/org/apache/tomcat/embed/tomcat-embed-core/9.0.36/tomcat-embed-core-9.0.36.jar:/Users/barbara.simak/.m2/repository/org/apache/tomcat/tomcat-annotations-api/9.0.36/tomcat-annotations-api-9.0.36.jar:/Users/barbara.simak/.m2/repository/com/fasterxml/jackson/core/jackson-databind/2.11.3/jackson-databind-2.11.3.jar:/Users/barbara.simak/.m2/repository/com/fasterxml/jackson/core/jackson-annotations/2.11.3/jackson-annotations-2.11.3.jar:/Users/barbara.simak/.m2/repository/com/fasterxml/jackson/core/jackson-core/2.11.3/jackson-core-2.11.3.jar:/Users/barbara.simak/.m2/repository/org/springframework/spring-context/5.3.2/spring-context-5.3.2.jar:/Users/barbara.simak/.m2/repository/org/springframework/spring-aop/5.3.2/spring-aop-5.3.2.jar:/Users/barbara.simak/.m2/repository/org/springframework/spring-beans/5.3.2/spring-beans-5.3.2.jar:/Users/barbara.simak/.m2/repository/org/springframework/spring-core/5.3.2/spring-core-5.3.2.jar:/Users/barbara.simak/.m2/repository/org/springframework/spring-jcl/5.3.2/spring-jcl-5.3.2.jar:/Users/barbara.simak/.m2/repository/org/springframework/spring-expression/5.3.2/spring-expression-5.3.2.jar:/Users/barbara.simak/.m2/repository/javax/annotation/javax.annotation-api/1.2/javax.annotation-api-1.2.jar:/Users/barbara.simak/.m2/repository/org/junit/jupiter/junit-jupiter-engine/5.5.2/junit-jupiter-engine-5.5.2.jar:/Users/barbara.simak/.m2/repository/org/apiguardian/apiguardian-api/1.1.0/apiguardian-api-1.1.0.jar:/Users/barbara.simak/.m2/repository/org/junit/platform/junit-platform-engine/1.5.2/junit-platform-engine-1.5.2.jar:/Users/barbara.simak/.m2/repository/org/opentest4j/opentest4j/1.2.0/opentest4j-1.2.0.jar:/Users/barbara.simak/.m2/repository/org/junit/platform/junit-platform-commons/1.5.2/junit-platform-commons-1.5.2.jar:/Users/barbara.simak/.m2/repository/org/junit/jupiter/junit-jupiter-api/5.5.2/junit-jupiter-api-5.5.2.jar:/Users/barbara.simak/.m2/repository/org/junit/platform/junit-platform-runner/1.5.2/junit-platform-runner-1.5.2.jar:/Users/barbara.simak/.m2/repository/junit/junit/4.12/junit-4.12.jar:/Users/barbara.simak/.m2/repository/org/hamcrest/hamcrest-core/1.3/hamcrest-core-1.3.jar:/Users/barbara.simak/.m2/repository/org/junit/platform/junit-platform-launcher/1.5.2/junit-platform-launcher-1.5.2.jar:/Users/barbara.simak/.m2/repository/org/junit/platform/junit-platform-suite-api/1.5.2/junit-platform-suite-api-1.5.2.jar:/Users/barbara.simak/.m2/repository/org/springframework/spring-test/5.3.2/spring-test-5.3.2.jar:"/>
    <property name="java.vm.vendor" value="Oracle Corporation"/>
    <property name="sun.arch.data.model" value="64"/>
    <property name="java.vendor.url" value="https://java.oracle.com/"/>
    <property name="os.name" value="Mac OS X"/>
    <property name="java.vm.specification.version" value="15"/>
    <property name="sun.java.launcher" value="SUN_STANDARD"/>
    <property name="user.country" value="AT"/>
    <property name="sun.boot.library.path" value="/Users/barbara.simak/Library/Java/JavaVirtualMachines/openjdk-15.0.1/Contents/Home/lib"/>
    <property name="sun.java.command" value="/Users/barbara.simak/Documents/MyInvoice/target/surefire/surefirebooter11716633518612764574.jar /Users/barbara.simak/Documents/MyInvoice/target/surefire 2020-12-29T23-14-55_880-jvmRun1 surefire12379973394383095977tmp surefire_016746271530000100248tmp"/>
    <property name="http.nonProxyHosts" value="local|*.local|169.254/16|*.169.254/16"/>
    <property name="jdk.debug" value="release"/>
    <property name="surefire.test.class.path" value="/Users/barbara.simak/Documents/MyInvoice/target/test-classes:/Users/barbara.simak/Documents/MyInvoice/target/classes:/Users/barbara.simak/.m2/repository/org/apache/tomcat/embed/tomcat-embed-core/9.0.36/tomcat-embed-core-9.0.36.jar:/Users/barbara.simak/.m2/repository/org/apache/tomcat/tomcat-annotations-api/9.0.36/tomcat-annotations-api-9.0.36.jar:/Users/barbara.simak/.m2/repository/com/fasterxml/jackson/core/jackson-databind/2.11.3/jackson-databind-2.11.3.jar:/Users/barbara.simak/.m2/repository/com/fasterxml/jackson/core/jackson-annotations/2.11.3/jackson-annotations-2.11.3.jar:/Users/barbara.simak/.m2/repository/com/fasterxml/jackson/core/jackson-core/2.11.3/jackson-core-2.11.3.jar:/Users/barbara.simak/.m2/repository/org/springframework/spring-context/5.3.2/spring-context-5.3.2.jar:/Users/barbara.simak/.m2/repository/org/springframework/spring-aop/5.3.2/spring-aop-5.3.2.jar:/Users/barbara.simak/.m2/repository/org/springframework/spring-beans/5.3.2/spring-beans-5.3.2.jar:/Users/barbara.simak/.m2/repository/org/springframework/spring-core/5.3.2/spring-core-5.3.2.jar:/Users/barbara.simak/.m2/repository/org/springframework/spring-jcl/5.3.2/spring-jcl-5.3.2.jar:/Users/barbara.simak/.m2/repository/org/springframework/spring-expression/5.3.2/spring-expression-5.3.2.jar:/Users/barbara.simak/.m2/repository/javax/annotation/javax.annotation-api/1.2/javax.annotation-api-1.2.jar:/Users/barbara.simak/.m2/repository/org/junit/jupiter/junit-jupiter-engine/5.5.2/junit-jupiter-engine-5.5.2.jar:/Users/barbara.simak/.m2/repository/org/apiguardian/apiguardian-api/1.1.0/apiguardian-api-1.1.0.jar:/Users/barbara.simak/.m2/repository/org/junit/platform/junit-platform-engine/1.5.2/junit-platform-engine-1.5.2.jar:/Users/barbara.simak/.m2/repository/org/opentest4j/opentest4j/1.2.0/opentest4j-1.2.0.jar:/Users/barbara.simak/.m2/repository/org/junit/platform/junit-platform-commons/1.5.2/junit-platform-commons-1.5.2.jar:/Users/barbara.simak/.m2/repository/org/junit/jupiter/junit-jupiter-api/5.5.2/junit-jupiter-api-5.5.2.jar:/Users/barbara.simak/.m2/repository/org/junit/platform/junit-platform-runner/1.5.2/junit-platform-runner-1.5.2.jar:/Users/barbara.simak/.m2/repository/junit/junit/4.12/junit-4.12.jar:/Users/barbara.simak/.m2/repository/org/hamcrest/hamcrest-core/1.3/hamcrest-core-1.3.jar:/Users/barbara.simak/.m2/repository/org/junit/platform/junit-platform-launcher/1.5.2/junit-platform-launcher-1.5.2.jar:/Users/barbara.simak/.m2/repository/org/junit/platform/junit-platform-suite-api/1.5.2/junit-platform-suite-api-1.5.2.jar:/Users/barbara.simak/.m2/repository/org/springframework/spring-test/5.3.2/spring-test-5.3.2.jar:"/>
    <property name="sun.cpu.endian" value="little"/>
    <property name="user.home" value="/Users/barbara.simak"/>
    <property name="user.language" value="de"/>
    <property name="java.specification.vendor" value="Oracle Corporation"/>
    <property name="java.version.date" value="2020-10-20"/>
    <property name="java.home" value="/Users/barbara.simak/Library/Java/JavaVirtualMachines/openjdk-15.0.1/Contents/Home"/>
    <property name="file.separator" value="/"/>
    <property name="basedir" value="/Users/barbara.simak/Documents/MyInvoice"/>
    <property name="java.vm.compressedOopsMode" value="Zero based"/>
    <property name="line.separator" value="&#10;"/>
    <property name="java.specification.name" value="Java Platform API Specification"/>
    <property name="java.vm.specification.vendor" value="Oracle Corporation"/>
    <property name="surefire.real.class.path" value="/Users/barbara.simak/Documents/MyInvoice/target/surefire/surefirebooter11716633518612764574.jar"/>
    <property name="sun.management.compiler" value="HotSpot 64-Bit Tiered Compilers"/>
    <property name="ftp.nonProxyHosts" value="local|*.local|169.254/16|*.169.254/16"/>
    <property name="java.runtime.version" value="15.0.1+9-18"/>
    <property name="user.name" value="barbara.simak"/>
    <property name="path.separator" value=":"/>
    <property name="os.version" value="10.16"/>
    <property name="java.runtime.name" value="OpenJDK Runtime Environment"/>
    <property name="file.encoding" value="UTF-8"/>
    <property name="java.vm.name" value="OpenJDK 64-Bit Server VM"/>
    <property name="localRepository" value="/Users/barbara.simak/.m2/repository"/>
    <property name="java.vendor.url.bug" value="https://bugreport.java.com/bugreport/"/>
    <property name="java.io.tmpdir" value="/var/folders/4f/qb1yjhh133x4rpg_b5jzys9h0000gn/T/"/>
    <property name="idea.version" value="2020.3"/>
    <property name="java.version" value="15.0.1"/>
    <property name="user.dir" value="/Users/barbara.simak/Documents/MyInvoice"/>
    <property name="os.arch" value="x86_64"/>
    <property name="java.vm.specification.name" value="Java Virtual Machine Specification"/>
    <property name="java.library.path" value="/Users/barbara.simak/Library/Java/Extensions:/Library/Java/Extensions:/Network/Library/Java/Extensions:/System/Library/Java/Extensions:/usr/lib/java:."/>
    <property name="java.vm.info" value="mixed mode, sharing"/>
    <property name="java.vendor" value="Oracle Corporation"/>
    <property name="java.vm.version" value="15.0.1+9-18"/>
    <property name="sun.io.unicode.encoding" value="UnicodeBig"/>
    <property name="socksNonProxyHosts" value="local|*.local|169.254/16|*.169.254/16"/>
    <property name="java.class.version" value="59.0"/>
  </properties>
  <testcase name="setAmount" classname="org.example.model.InvoiceTest" time="0.021"/>
  <testcase name="getId" classname="org.example.model.InvoiceTest" time="0.001"/>
  <testcase name="setId" classname="org.example.model.InvoiceTest" time="0.002"/>
  <testcase name="getAmount" classname="org.example.model.InvoiceTest" time="0"/>
  <testcase name="setPdfUrl" classname="org.example.model.InvoiceTest" time="0.001"/>
  <testcase name="setUserId" classname="org.example.model.InvoiceTest" time="0.001"/>
  <testcase name="getPdfUrl" classname="org.example.model.InvoiceTest" time="0"/>
  <testcase name="getUserId" classname="org.example.model.InvoiceTest" time="0.003"/>
</testsuite>